{"C:\\Users\\anaje\\Documents\\BackendProjects\\backend-engineer-test\\src\\app.ts": {"path":"C:\\Users\\anaje\\Documents\\BackendProjects\\backend-engineer-test\\src\\app.ts","statementMap":{"0":{"start":{"line":1,"column":0},"end":{"line":1,"column":80}},"1":{"start":{"line":2,"column":0},"end":{"line":2,"column":28}},"2":{"start":{"line":3,"column":0},"end":{"line":3,"column":24}},"3":{"start":{"line":4,"column":0},"end":{"line":4,"column":28}},"4":{"start":{"line":5,"column":0},"end":{"line":5,"column":42}},"5":{"start":{"line":6,"column":0},"end":{"line":6,"column":65}},"6":{"start":{"line":7,"column":0},"end":{"line":7,"column":45}},"7":{"start":{"line":8,"column":0},"end":{"line":8,"column":51}},"8":{"start":{"line":9,"column":0},"end":{"line":9,"column":78}},"9":{"start":{"line":12,"column":0},"end":{"line":12,"column":16}},"10":{"start":{"line":15,"column":25},"end":{"line":15,"column":34}},"11":{"start":{"line":18,"column":0},"end":{"line":18,"column":24}},"12":{"start":{"line":19,"column":0},"end":{"line":19,"column":16}},"13":{"start":{"line":20,"column":0},"end":{"line":20,"column":23}},"14":{"start":{"line":23,"column":0},"end":{"line":23,"column":12}},"15":{"start":{"line":26,"column":0},"end":{"line":26,"column":33}},"16":{"start":{"line":27,"column":0},"end":{"line":27,"column":69}},"17":{"start":{"line":30,"column":0},"end":{"line":32,"column":3}},"18":{"start":{"line":31,"column":2},"end":{"line":31,"column":72}},"19":{"start":{"line":35,"column":0},"end":{"line":35,"column":25}},"20":{"start":{"line":38,"column":0},"end":{"line":38,"column":22}},"21":{"start":{"line":40,"column":0},"end":{"line":40,"column":19}}},"fnMap":{"0":{"name":"(anonymous_1)","decl":{"start":{"line":30,"column":19},"end":{"line":30,"column":20}},"loc":{"start":{"line":30,"column":51},"end":{"line":32,"column":1}}}},"branchMap":{},"s":{"0":2,"1":2,"2":2,"3":2,"4":2,"5":2,"6":2,"7":2,"8":2,"9":2,"10":2,"11":2,"12":2,"13":2,"14":2,"15":2,"16":2,"17":2,"18":0,"19":2,"20":2,"21":2},"f":{"0":0},"b":{}}
,"C:\\Users\\anaje\\Documents\\BackendProjects\\backend-engineer-test\\src\\config\\database.ts": {"path":"C:\\Users\\anaje\\Documents\\BackendProjects\\backend-engineer-test\\src\\config\\database.ts","statementMap":{"0":{"start":{"line":1,"column":0},"end":{"line":1,"column":32}},"1":{"start":{"line":2,"column":0},"end":{"line":2,"column":28}},"2":{"start":{"line":4,"column":0},"end":{"line":4,"column":16}},"3":{"start":{"line":7,"column":18},"end":{"line":24,"column":2}},"4":{"start":{"line":7,"column":44},"end":{"line":24,"column":2}},"5":{"start":{"line":8,"column":2},"end":{"line":23,"column":3}},"6":{"start":{"line":10,"column":21},"end":{"line":10,"column":95}},"7":{"start":{"line":13,"column":4},"end":{"line":13,"column":37}},"8":{"start":{"line":16,"column":4},"end":{"line":16,"column":49}},"9":{"start":{"line":19,"column":4},"end":{"line":19,"column":55}},"10":{"start":{"line":22,"column":4},"end":{"line":22,"column":20}},"11":{"start":{"line":27,"column":0},"end":{"line":27,"column":25}}},"fnMap":{"0":{"name":"(anonymous_8)","decl":{"start":{"line":7,"column":18},"end":{"line":7,"column":42}},"loc":{"start":{"line":7,"column":44},"end":{"line":24,"column":2}}},"1":{"name":"(anonymous_9)","decl":{"start":{"line":7,"column":44},"end":{"line":7,"column":null}},"loc":{"start":{"line":7,"column":44},"end":{"line":24,"column":1}}}},"branchMap":{"0":{"loc":{"start":{"line":10,"column":21},"end":{"line":10,"column":95}},"type":"binary-expr","locations":[{"start":{"line":10,"column":21},"end":{"line":10,"column":42}},{"start":{"line":10,"column":46},"end":{"line":10,"column":95}}]}},"s":{"0":3,"1":3,"2":3,"3":3,"4":4,"5":4,"6":4,"7":4,"8":3,"9":1,"10":1,"11":3},"f":{"0":4,"1":4},"b":{"0":[4,0]}}
,"C:\\Users\\anaje\\Documents\\BackendProjects\\backend-engineer-test\\src\\controllers\\authController.ts": {"path":"C:\\Users\\anaje\\Documents\\BackendProjects\\backend-engineer-test\\src\\controllers\\authController.ts","statementMap":{"0":{"start":{"line":2,"column":0},"end":{"line":2,"column":38}},"1":{"start":{"line":3,"column":0},"end":{"line":3,"column":49}},"2":{"start":{"line":4,"column":0},"end":{"line":4,"column":47}},"3":{"start":{"line":5,"column":0},"end":{"line":5,"column":40}},"4":{"start":{"line":10,"column":28},"end":{"line":42,"column":2}},"5":{"start":{"line":10,"column":85},"end":{"line":42,"column":2}},"6":{"start":{"line":11,"column":2},"end":{"line":41,"column":3}},"7":{"start":{"line":13,"column":42},"end":{"line":13,"column":50}},"8":{"start":{"line":16,"column":25},"end":{"line":16,"column":54}},"9":{"start":{"line":17,"column":4},"end":{"line":20,"column":5}},"10":{"start":{"line":19,"column":6},"end":{"line":19,"column":94}},"11":{"start":{"line":23,"column":27},"end":{"line":23,"column":66}},"12":{"start":{"line":24,"column":17},"end":{"line":24,"column":72}},"13":{"start":{"line":26,"column":4},"end":{"line":26,"column":22}},"14":{"start":{"line":29,"column":4},"end":{"line":35,"column":7}},"15":{"start":{"line":38,"column":4},"end":{"line":38,"column":25}},"16":{"start":{"line":40,"column":4},"end":{"line":40,"column":88}},"17":{"start":{"line":10,"column":13},"end":{"line":10,"column":28}},"18":{"start":{"line":47,"column":25},"end":{"line":77,"column":2}},"19":{"start":{"line":47,"column":82},"end":{"line":77,"column":2}},"20":{"start":{"line":48,"column":2},"end":{"line":76,"column":3}},"21":{"start":{"line":50,"column":32},"end":{"line":50,"column":40}},"22":{"start":{"line":53,"column":17},"end":{"line":53,"column":46}},"23":{"start":{"line":54,"column":4},"end":{"line":57,"column":5}},"24":{"start":{"line":56,"column":6},"end":{"line":56,"column":86}},"25":{"start":{"line":60,"column":20},"end":{"line":60,"column":77}},"26":{"start":{"line":61,"column":4},"end":{"line":64,"column":5}},"27":{"start":{"line":63,"column":6},"end":{"line":63,"column":86}},"28":{"start":{"line":67,"column":18},"end":{"line":67,"column":55}},"29":{"start":{"line":70,"column":4},"end":{"line":70,"column":58}},"30":{"start":{"line":73,"column":4},"end":{"line":73,"column":25}},"31":{"start":{"line":75,"column":4},"end":{"line":75,"column":80}},"32":{"start":{"line":47,"column":13},"end":{"line":47,"column":25}},"33":{"start":{"line":82,"column":30},"end":{"line":104,"column":2}},"34":{"start":{"line":82,"column":87},"end":{"line":104,"column":2}},"35":{"start":{"line":83,"column":2},"end":{"line":103,"column":3}},"36":{"start":{"line":85,"column":4},"end":{"line":87,"column":5}},"37":{"start":{"line":86,"column":6},"end":{"line":86,"column":79}},"38":{"start":{"line":90,"column":17},"end":{"line":90,"column":69}},"39":{"start":{"line":91,"column":4},"end":{"line":94,"column":5}},"40":{"start":{"line":93,"column":6},"end":{"line":93,"column":81}},"41":{"start":{"line":97,"column":4},"end":{"line":97,"column":63}},"42":{"start":{"line":100,"column":4},"end":{"line":100,"column":57}},"43":{"start":{"line":102,"column":4},"end":{"line":102,"column":91}},"44":{"start":{"line":82,"column":13},"end":{"line":82,"column":30}},"45":{"start":{"line":109,"column":26},"end":{"line":132,"column":2}},"46":{"start":{"line":109,"column":83},"end":{"line":132,"column":2}},"47":{"start":{"line":110,"column":2},"end":{"line":131,"column":3}},"48":{"start":{"line":112,"column":32},"end":{"line":112,"column":40}},"49":{"start":{"line":114,"column":17},"end":{"line":118,"column":6}},"50":{"start":{"line":120,"column":4},"end":{"line":123,"column":5}},"51":{"start":{"line":122,"column":6},"end":{"line":122,"column":81}},"52":{"start":{"line":125,"column":4},"end":{"line":125,"column":63}},"53":{"start":{"line":128,"column":4},"end":{"line":128,"column":25}},"54":{"start":{"line":130,"column":4},"end":{"line":130,"column":86}},"55":{"start":{"line":109,"column":13},"end":{"line":109,"column":26}},"56":{"start":{"line":137,"column":26},"end":{"line":157,"column":2}},"57":{"start":{"line":137,"column":83},"end":{"line":157,"column":2}},"58":{"start":{"line":138,"column":2},"end":{"line":156,"column":3}},"59":{"start":{"line":139,"column":4},"end":{"line":141,"column":5}},"60":{"start":{"line":140,"column":6},"end":{"line":140,"column":79}},"61":{"start":{"line":144,"column":17},"end":{"line":144,"column":59}},"62":{"start":{"line":145,"column":4},"end":{"line":148,"column":5}},"63":{"start":{"line":147,"column":6},"end":{"line":147,"column":81}},"64":{"start":{"line":150,"column":4},"end":{"line":150,"column":97}},"65":{"start":{"line":153,"column":4},"end":{"line":153,"column":25}},"66":{"start":{"line":155,"column":4},"end":{"line":155,"column":86}},"67":{"start":{"line":137,"column":13},"end":{"line":137,"column":26}},"68":{"start":{"line":159,"column":26},"end":{"line":173,"column":2}},"69":{"start":{"line":159,"column":64},"end":{"line":173,"column":2}},"70":{"start":{"line":160,"column":2},"end":{"line":172,"column":3}},"71":{"start":{"line":161,"column":18},"end":{"line":161,"column":61}},"72":{"start":{"line":162,"column":4},"end":{"line":164,"column":5}},"73":{"start":{"line":163,"column":6},"end":{"line":163,"column":85}},"74":{"start":{"line":166,"column":22},"end":{"line":166,"column":64}},"75":{"start":{"line":167,"column":4},"end":{"line":167,"column":45}},"76":{"start":{"line":169,"column":4},"end":{"line":169,"column":80}},"77":{"start":{"line":171,"column":4},"end":{"line":171,"column":75}},"78":{"start":{"line":159,"column":13},"end":{"line":159,"column":26}}},"fnMap":{"0":{"name":"(anonymous_7)","decl":{"start":{"line":10,"column":28},"end":{"line":10,"column":35}},"loc":{"start":{"line":10,"column":85},"end":{"line":42,"column":2}}},"1":{"name":"(anonymous_8)","decl":{"start":{"line":10,"column":85},"end":{"line":10,"column":null}},"loc":{"start":{"line":10,"column":85},"end":{"line":42,"column":1}}},"2":{"name":"(anonymous_9)","decl":{"start":{"line":47,"column":25},"end":{"line":47,"column":32}},"loc":{"start":{"line":47,"column":82},"end":{"line":77,"column":2}}},"3":{"name":"(anonymous_10)","decl":{"start":{"line":47,"column":82},"end":{"line":47,"column":null}},"loc":{"start":{"line":47,"column":82},"end":{"line":77,"column":1}}},"4":{"name":"(anonymous_11)","decl":{"start":{"line":82,"column":30},"end":{"line":82,"column":37}},"loc":{"start":{"line":82,"column":87},"end":{"line":104,"column":2}}},"5":{"name":"(anonymous_12)","decl":{"start":{"line":82,"column":87},"end":{"line":82,"column":null}},"loc":{"start":{"line":82,"column":87},"end":{"line":104,"column":1}}},"6":{"name":"(anonymous_13)","decl":{"start":{"line":109,"column":26},"end":{"line":109,"column":33}},"loc":{"start":{"line":109,"column":83},"end":{"line":132,"column":2}}},"7":{"name":"(anonymous_14)","decl":{"start":{"line":109,"column":83},"end":{"line":109,"column":null}},"loc":{"start":{"line":109,"column":83},"end":{"line":132,"column":1}}},"8":{"name":"(anonymous_15)","decl":{"start":{"line":137,"column":26},"end":{"line":137,"column":33}},"loc":{"start":{"line":137,"column":83},"end":{"line":157,"column":2}}},"9":{"name":"(anonymous_16)","decl":{"start":{"line":137,"column":83},"end":{"line":137,"column":null}},"loc":{"start":{"line":137,"column":83},"end":{"line":157,"column":1}}},"10":{"name":"(anonymous_17)","decl":{"start":{"line":159,"column":26},"end":{"line":159,"column":33}},"loc":{"start":{"line":159,"column":64},"end":{"line":173,"column":2}}},"11":{"name":"(anonymous_18)","decl":{"start":{"line":159,"column":64},"end":{"line":159,"column":null}},"loc":{"start":{"line":159,"column":64},"end":{"line":173,"column":1}}}},"branchMap":{"0":{"loc":{"start":{"line":17,"column":4},"end":{"line":20,"column":5}},"type":"if","locations":[{"start":{"line":17,"column":4},"end":{"line":20,"column":5}}]},"1":{"loc":{"start":{"line":54,"column":4},"end":{"line":57,"column":5}},"type":"if","locations":[{"start":{"line":54,"column":4},"end":{"line":57,"column":5}}]},"2":{"loc":{"start":{"line":61,"column":4},"end":{"line":64,"column":5}},"type":"if","locations":[{"start":{"line":61,"column":4},"end":{"line":64,"column":5}}]},"3":{"loc":{"start":{"line":85,"column":4},"end":{"line":87,"column":5}},"type":"if","locations":[{"start":{"line":85,"column":4},"end":{"line":87,"column":5}}]},"4":{"loc":{"start":{"line":85,"column":8},"end":{"line":85,"column":33}},"type":"binary-expr","locations":[{"start":{"line":85,"column":8},"end":{"line":85,"column":17}},{"start":{"line":85,"column":21},"end":{"line":85,"column":33}}]},"5":{"loc":{"start":{"line":91,"column":4},"end":{"line":94,"column":5}},"type":"if","locations":[{"start":{"line":91,"column":4},"end":{"line":94,"column":5}}]},"6":{"loc":{"start":{"line":115,"column":6},"end":{"line":115,"column":18}},"type":"cond-expr","locations":[{"start":{"line":115,"column":14},"end":{"line":115,"column":16}},{"start":{"line":115,"column":14},"end":{"line":115,"column":18}}]},"7":{"loc":{"start":{"line":115,"column":6},"end":{"line":115,"column":16}},"type":"binary-expr","locations":[{"start":{"line":115,"column":6},"end":{"line":115,"column":16}},{"start":{"line":115,"column":14},"end":{"line":115,"column":16}}]},"8":{"loc":{"start":{"line":120,"column":4},"end":{"line":123,"column":5}},"type":"if","locations":[{"start":{"line":120,"column":4},"end":{"line":123,"column":5}}]},"9":{"loc":{"start":{"line":139,"column":4},"end":{"line":141,"column":5}},"type":"if","locations":[{"start":{"line":139,"column":4},"end":{"line":141,"column":5}}]},"10":{"loc":{"start":{"line":139,"column":9},"end":{"line":139,"column":21}},"type":"cond-expr","locations":[{"start":{"line":139,"column":17},"end":{"line":139,"column":19}},{"start":{"line":139,"column":17},"end":{"line":139,"column":21}}]},"11":{"loc":{"start":{"line":139,"column":9},"end":{"line":139,"column":19}},"type":"binary-expr","locations":[{"start":{"line":139,"column":9},"end":{"line":139,"column":19}},{"start":{"line":139,"column":17},"end":{"line":139,"column":19}}]},"12":{"loc":{"start":{"line":144,"column":46},"end":{"line":144,"column":58}},"type":"cond-expr","locations":[{"start":{"line":144,"column":54},"end":{"line":144,"column":56}},{"start":{"line":144,"column":54},"end":{"line":144,"column":58}}]},"13":{"loc":{"start":{"line":144,"column":46},"end":{"line":144,"column":56}},"type":"binary-expr","locations":[{"start":{"line":144,"column":46},"end":{"line":144,"column":56}},{"start":{"line":144,"column":54},"end":{"line":144,"column":56}}]},"14":{"loc":{"start":{"line":145,"column":4},"end":{"line":148,"column":5}},"type":"if","locations":[{"start":{"line":145,"column":4},"end":{"line":148,"column":5}}]},"15":{"loc":{"start":{"line":161,"column":18},"end":{"line":161,"column":61}},"type":"cond-expr","locations":[{"start":{"line":161,"column":46},"end":{"line":161,"column":48}},{"start":{"line":161,"column":46},"end":{"line":161,"column":61}}]},"16":{"loc":{"start":{"line":161,"column":18},"end":{"line":161,"column":48}},"type":"binary-expr","locations":[{"start":{"line":161,"column":18},"end":{"line":161,"column":48}},{"start":{"line":161,"column":46},"end":{"line":161,"column":48}}]},"17":{"loc":{"start":{"line":162,"column":4},"end":{"line":164,"column":5}},"type":"if","locations":[{"start":{"line":162,"column":4},"end":{"line":164,"column":5}}]}},"s":{"0":2,"1":2,"2":2,"3":2,"4":2,"5":3,"6":3,"7":3,"8":3,"9":3,"10":1,"11":2,"12":2,"13":2,"14":2,"15":0,"16":0,"17":2,"18":2,"19":9,"20":9,"21":9,"22":9,"23":9,"24":2,"25":7,"26":7,"27":1,"28":6,"29":6,"30":0,"31":0,"32":2,"33":2,"34":0,"35":0,"36":0,"37":0,"38":0,"39":0,"40":0,"41":0,"42":0,"43":0,"44":2,"45":2,"46":1,"47":1,"48":1,"49":1,"50":1,"51":0,"52":1,"53":0,"54":0,"55":2,"56":2,"57":2,"58":2,"59":2,"60":0,"61":2,"62":2,"63":2,"64":0,"65":0,"66":0,"67":2,"68":2,"69":2,"70":2,"71":2,"72":2,"73":1,"74":1,"75":1,"76":1,"77":0,"78":2},"f":{"0":3,"1":3,"2":9,"3":9,"4":0,"5":0,"6":1,"7":1,"8":2,"9":2,"10":2,"11":2},"b":{"0":[1],"1":[2],"2":[1],"3":[0],"4":[0,0],"5":[0],"6":[0,1],"7":[1,1],"8":[0],"9":[0],"10":[0,2],"11":[2,2],"12":[0,2],"13":[2,2],"14":[2],"15":[1,1],"16":[2,2],"17":[1]}}
,"C:\\Users\\anaje\\Documents\\BackendProjects\\backend-engineer-test\\src\\controllers\\productController.ts": {"path":"C:\\Users\\anaje\\Documents\\BackendProjects\\backend-engineer-test\\src\\controllers\\productController.ts","statementMap":{"0":{"start":{"line":2,"column":0},"end":{"line":2,"column":44}},"1":{"start":{"line":3,"column":0},"end":{"line":3,"column":41}},"2":{"start":{"line":8,"column":30},"end":{"line":24,"column":2}},"3":{"start":{"line":8,"column":87},"end":{"line":24,"column":2}},"4":{"start":{"line":9,"column":2},"end":{"line":23,"column":3}},"5":{"start":{"line":11,"column":4},"end":{"line":11,"column":40}},"6":{"start":{"line":13,"column":21},"end":{"line":13,"column":41}},"7":{"start":{"line":15,"column":4},"end":{"line":15,"column":54}},"8":{"start":{"line":17,"column":4},"end":{"line":17,"column":67}},"9":{"start":{"line":20,"column":4},"end":{"line":20,"column":45}},"10":{"start":{"line":22,"column":4},"end":{"line":22,"column":89}},"11":{"start":{"line":8,"column":13},"end":{"line":8,"column":30}},"12":{"start":{"line":29,"column":30},"end":{"line":51,"column":2}},"13":{"start":{"line":29,"column":87},"end":{"line":51,"column":2}},"14":{"start":{"line":30,"column":2},"end":{"line":50,"column":3}},"15":{"start":{"line":32,"column":4},"end":{"line":32,"column":59}},"16":{"start":{"line":34,"column":20},"end":{"line":34,"column":57}},"17":{"start":{"line":35,"column":4},"end":{"line":40,"column":5}},"18":{"start":{"line":37,"column":6},"end":{"line":37,"column":65}},"19":{"start":{"line":39,"column":6},"end":{"line":39,"column":84}},"20":{"start":{"line":42,"column":4},"end":{"line":42,"column":57}},"21":{"start":{"line":44,"column":4},"end":{"line":44,"column":66}},"22":{"start":{"line":47,"column":4},"end":{"line":47,"column":46}},"23":{"start":{"line":49,"column":4},"end":{"line":49,"column":90}},"24":{"start":{"line":29,"column":13},"end":{"line":29,"column":30}},"25":{"start":{"line":56,"column":29},"end":{"line":90,"column":2}},"26":{"start":{"line":56,"column":86},"end":{"line":90,"column":2}},"27":{"start":{"line":57,"column":2},"end":{"line":89,"column":3}},"28":{"start":{"line":59,"column":4},"end":{"line":59,"column":41}},"29":{"start":{"line":61,"column":58},"end":{"line":61,"column":66}},"30":{"start":{"line":64,"column":4},"end":{"line":69,"column":5}},"31":{"start":{"line":65,"column":6},"end":{"line":68,"column":9}},"32":{"start":{"line":72,"column":20},"end":{"line":72,"column":78}},"33":{"start":{"line":75,"column":4},"end":{"line":75,"column":25}},"34":{"start":{"line":78,"column":4},"end":{"line":78,"column":61}},"35":{"start":{"line":81,"column":4},"end":{"line":81,"column":66}},"36":{"start":{"line":85,"column":4},"end":{"line":85,"column":47}},"37":{"start":{"line":88,"column":4},"end":{"line":88,"column":91}},"38":{"start":{"line":56,"column":13},"end":{"line":56,"column":29}},"39":{"start":{"line":95,"column":29},"end":{"line":123,"column":2}},"40":{"start":{"line":95,"column":86},"end":{"line":123,"column":2}},"41":{"start":{"line":96,"column":2},"end":{"line":122,"column":3}},"42":{"start":{"line":98,"column":4},"end":{"line":98,"column":61}},"43":{"start":{"line":100,"column":58},"end":{"line":100,"column":66}},"44":{"start":{"line":102,"column":20},"end":{"line":106,"column":6}},"45":{"start":{"line":107,"column":4},"end":{"line":112,"column":5}},"46":{"start":{"line":109,"column":6},"end":{"line":109,"column":65}},"47":{"start":{"line":111,"column":6},"end":{"line":111,"column":84}},"48":{"start":{"line":114,"column":4},"end":{"line":114,"column":57}},"49":{"start":{"line":116,"column":4},"end":{"line":116,"column":66}},"50":{"start":{"line":119,"column":4},"end":{"line":119,"column":47}},"51":{"start":{"line":121,"column":4},"end":{"line":121,"column":91}},"52":{"start":{"line":95,"column":13},"end":{"line":95,"column":29}},"53":{"start":{"line":128,"column":29},"end":{"line":150,"column":2}},"54":{"start":{"line":128,"column":86},"end":{"line":150,"column":2}},"55":{"start":{"line":129,"column":2},"end":{"line":149,"column":3}},"56":{"start":{"line":131,"column":4},"end":{"line":131,"column":61}},"57":{"start":{"line":133,"column":20},"end":{"line":133,"column":66}},"58":{"start":{"line":134,"column":4},"end":{"line":139,"column":5}},"59":{"start":{"line":136,"column":6},"end":{"line":136,"column":65}},"60":{"start":{"line":138,"column":6},"end":{"line":138,"column":84}},"61":{"start":{"line":141,"column":4},"end":{"line":141,"column":57}},"62":{"start":{"line":143,"column":4},"end":{"line":143,"column":92}},"63":{"start":{"line":146,"column":4},"end":{"line":146,"column":49}},"64":{"start":{"line":148,"column":4},"end":{"line":148,"column":93}},"65":{"start":{"line":128,"column":13},"end":{"line":128,"column":29}}},"fnMap":{"0":{"name":"(anonymous_7)","decl":{"start":{"line":8,"column":30},"end":{"line":8,"column":37}},"loc":{"start":{"line":8,"column":87},"end":{"line":24,"column":2}}},"1":{"name":"(anonymous_8)","decl":{"start":{"line":8,"column":87},"end":{"line":8,"column":null}},"loc":{"start":{"line":8,"column":87},"end":{"line":24,"column":1}}},"2":{"name":"(anonymous_9)","decl":{"start":{"line":29,"column":30},"end":{"line":29,"column":37}},"loc":{"start":{"line":29,"column":87},"end":{"line":51,"column":2}}},"3":{"name":"(anonymous_10)","decl":{"start":{"line":29,"column":87},"end":{"line":29,"column":null}},"loc":{"start":{"line":29,"column":87},"end":{"line":51,"column":1}}},"4":{"name":"(anonymous_11)","decl":{"start":{"line":56,"column":29},"end":{"line":56,"column":36}},"loc":{"start":{"line":56,"column":86},"end":{"line":90,"column":2}}},"5":{"name":"(anonymous_12)","decl":{"start":{"line":56,"column":86},"end":{"line":56,"column":null}},"loc":{"start":{"line":56,"column":86},"end":{"line":90,"column":1}}},"6":{"name":"(anonymous_13)","decl":{"start":{"line":95,"column":29},"end":{"line":95,"column":36}},"loc":{"start":{"line":95,"column":86},"end":{"line":123,"column":2}}},"7":{"name":"(anonymous_14)","decl":{"start":{"line":95,"column":86},"end":{"line":95,"column":null}},"loc":{"start":{"line":95,"column":86},"end":{"line":123,"column":1}}},"8":{"name":"(anonymous_15)","decl":{"start":{"line":128,"column":29},"end":{"line":128,"column":36}},"loc":{"start":{"line":128,"column":86},"end":{"line":150,"column":2}}},"9":{"name":"(anonymous_16)","decl":{"start":{"line":128,"column":86},"end":{"line":128,"column":null}},"loc":{"start":{"line":128,"column":86},"end":{"line":150,"column":1}}}},"branchMap":{"0":{"loc":{"start":{"line":35,"column":4},"end":{"line":40,"column":5}},"type":"if","locations":[{"start":{"line":35,"column":4},"end":{"line":40,"column":5}}]},"1":{"loc":{"start":{"line":64,"column":4},"end":{"line":69,"column":5}},"type":"if","locations":[{"start":{"line":64,"column":4},"end":{"line":69,"column":5}}]},"2":{"loc":{"start":{"line":64,"column":8},"end":{"line":64,"column":23}},"type":"binary-expr","locations":[{"start":{"line":64,"column":8},"end":{"line":64,"column":13}},{"start":{"line":64,"column":17},"end":{"line":64,"column":23}}]},"3":{"loc":{"start":{"line":107,"column":4},"end":{"line":112,"column":5}},"type":"if","locations":[{"start":{"line":107,"column":4},"end":{"line":112,"column":5}}]},"4":{"loc":{"start":{"line":134,"column":4},"end":{"line":139,"column":5}},"type":"if","locations":[{"start":{"line":134,"column":4},"end":{"line":139,"column":5}}]}},"s":{"0":2,"1":2,"2":2,"3":1,"4":1,"5":1,"6":1,"7":1,"8":1,"9":0,"10":0,"11":2,"12":2,"13":2,"14":2,"15":2,"16":2,"17":2,"18":1,"19":1,"20":1,"21":1,"22":0,"23":0,"24":2,"25":2,"26":2,"27":2,"28":2,"29":2,"30":2,"31":1,"32":1,"33":1,"34":1,"35":1,"36":0,"37":0,"38":2,"39":2,"40":2,"41":2,"42":2,"43":2,"44":2,"45":2,"46":2,"47":2,"48":0,"49":0,"50":0,"51":0,"52":2,"53":2,"54":2,"55":2,"56":2,"57":2,"58":2,"59":1,"60":1,"61":1,"62":1,"63":0,"64":0,"65":2},"f":{"0":1,"1":1,"2":2,"3":2,"4":2,"5":2,"6":2,"7":2,"8":2,"9":2},"b":{"0":[1],"1":[1],"2":[2,1],"3":[2],"4":[1]}}
,"C:\\Users\\anaje\\Documents\\BackendProjects\\backend-engineer-test\\src\\middlewares\\authMiddleware.ts": {"path":"C:\\Users\\anaje\\Documents\\BackendProjects\\backend-engineer-test\\src\\middlewares\\authMiddleware.ts","statementMap":{"0":{"start":{"line":2,"column":0},"end":{"line":2,"column":31}},"1":{"start":{"line":3,"column":0},"end":{"line":3,"column":40}},"2":{"start":{"line":4,"column":0},"end":{"line":4,"column":28}},"3":{"start":{"line":7,"column":0},"end":{"line":7,"column":16}},"4":{"start":{"line":10,"column":19},"end":{"line":10,"column":65}},"5":{"start":{"line":24,"column":33},"end":{"line":58,"column":2}},"6":{"start":{"line":24,"column":70},"end":{"line":58,"column":2}},"7":{"start":{"line":28,"column":21},"end":{"line":58,"column":2}},"8":{"start":{"line":30,"column":16},"end":{"line":30,"column":59}},"9":{"start":{"line":33,"column":2},"end":{"line":36,"column":3}},"10":{"start":{"line":34,"column":4},"end":{"line":34,"column":91}},"11":{"start":{"line":35,"column":4},"end":{"line":35,"column":11}},"12":{"start":{"line":38,"column":2},"end":{"line":57,"column":3}},"13":{"start":{"line":40,"column":29},"end":{"line":40,"column":59}},"14":{"start":{"line":41,"column":4},"end":{"line":44,"column":5}},"15":{"start":{"line":42,"column":6},"end":{"line":42,"column":77}},"16":{"start":{"line":43,"column":6},"end":{"line":43,"column":13}},"17":{"start":{"line":47,"column":20},"end":{"line":47,"column":49}},"18":{"start":{"line":50,"column":4},"end":{"line":50,"column":32}},"19":{"start":{"line":53,"column":4},"end":{"line":53,"column":11}},"20":{"start":{"line":56,"column":4},"end":{"line":56,"column":83}},"21":{"start":{"line":24,"column":13},"end":{"line":24,"column":33}}},"fnMap":{"0":{"name":"(anonymous_8)","decl":{"start":{"line":24,"column":33},"end":{"line":24,"column":34}},"loc":{"start":{"line":24,"column":70},"end":{"line":58,"column":2}}},"1":{"name":"(anonymous_9)","decl":{"start":{"line":24,"column":70},"end":{"line":24,"column":null}},"loc":{"start":{"line":28,"column":21},"end":{"line":58,"column":2}}},"2":{"name":"(anonymous_10)","decl":{"start":{"line":28,"column":21},"end":{"line":28,"column":null}},"loc":{"start":{"line":28,"column":21},"end":{"line":58,"column":1}}}},"branchMap":{"0":{"loc":{"start":{"line":10,"column":19},"end":{"line":10,"column":65}},"type":"binary-expr","locations":[{"start":{"line":10,"column":19},"end":{"line":10,"column":41}},{"start":{"line":10,"column":45},"end":{"line":10,"column":65}}]},"1":{"loc":{"start":{"line":30,"column":16},"end":{"line":30,"column":59}},"type":"cond-expr","locations":[{"start":{"line":30,"column":44},"end":{"line":30,"column":46}},{"start":{"line":30,"column":44},"end":{"line":30,"column":59}}]},"2":{"loc":{"start":{"line":30,"column":16},"end":{"line":30,"column":46}},"type":"binary-expr","locations":[{"start":{"line":30,"column":16},"end":{"line":30,"column":46}},{"start":{"line":30,"column":44},"end":{"line":30,"column":46}}]},"3":{"loc":{"start":{"line":33,"column":2},"end":{"line":36,"column":3}},"type":"if","locations":[{"start":{"line":33,"column":2},"end":{"line":36,"column":3}}]},"4":{"loc":{"start":{"line":41,"column":4},"end":{"line":44,"column":5}},"type":"if","locations":[{"start":{"line":41,"column":4},"end":{"line":44,"column":5}}]}},"s":{"0":2,"1":2,"2":2,"3":2,"4":2,"5":2,"6":14,"7":22,"8":22,"9":22,"10":3,"11":3,"12":19,"13":19,"14":19,"15":0,"16":0,"17":19,"18":18,"19":18,"20":1,"21":2},"f":{"0":14,"1":22,"2":22},"b":{"0":[2,0],"1":[3,19],"2":[22,22],"3":[3],"4":[0]}}
,"C:\\Users\\anaje\\Documents\\BackendProjects\\backend-engineer-test\\src\\middlewares\\errorMiddleware.ts": {"path":"C:\\Users\\anaje\\Documents\\BackendProjects\\backend-engineer-test\\src\\middlewares\\errorMiddleware.ts","statementMap":{"0":{"start":{"line":8,"column":28},"end":{"line":22,"column":1}},"1":{"start":{"line":15,"column":2},"end":{"line":15,"column":27}},"2":{"start":{"line":18,"column":2},"end":{"line":21,"column":5}},"3":{"start":{"line":8,"column":13},"end":{"line":8,"column":28}},"4":{"start":{"line":25,"column":31},"end":{"line":27,"column":3}},"5":{"start":{"line":26,"column":4},"end":{"line":26,"column":73}},"6":{"start":{"line":25,"column":13},"end":{"line":25,"column":31}}},"fnMap":{"0":{"name":"(anonymous_0)","decl":{"start":{"line":8,"column":28},"end":{"line":8,"column":null}},"loc":{"start":{"line":13,"column":4},"end":{"line":22,"column":1}}},"1":{"name":"(anonymous_1)","decl":{"start":{"line":25,"column":31},"end":{"line":25,"column":32}},"loc":{"start":{"line":25,"column":83},"end":{"line":27,"column":3}}}},"branchMap":{"0":{"loc":{"start":{"line":20,"column":11},"end":{"line":20,"column":74}},"type":"cond-expr","locations":[{"start":{"line":20,"column":51},"end":{"line":20,"column":60}},{"start":{"line":20,"column":63},"end":{"line":20,"column":74}}]}},"s":{"0":2,"1":0,"2":0,"3":2,"4":2,"5":0,"6":2},"f":{"0":0,"1":0},"b":{"0":[0,0]}}
,"C:\\Users\\anaje\\Documents\\BackendProjects\\backend-engineer-test\\src\\models\\Product.ts": {"path":"C:\\Users\\anaje\\Documents\\BackendProjects\\backend-engineer-test\\src\\models\\Product.ts","statementMap":{"0":{"start":{"line":1,"column":0},"end":{"line":1,"column":54}},"1":{"start":{"line":13,"column":30},"end":{"line":39,"column":null}},"2":{"start":{"line":42,"column":13},"end":{"line":42,"column":74}}},"fnMap":{},"branchMap":{},"s":{"0":3,"1":3,"2":3},"f":{},"b":{}}
,"C:\\Users\\anaje\\Documents\\BackendProjects\\backend-engineer-test\\src\\models\\Token.ts": {"path":"C:\\Users\\anaje\\Documents\\BackendProjects\\backend-engineer-test\\src\\models\\Token.ts","statementMap":{"0":{"start":{"line":1,"column":0},"end":{"line":1,"column":54}},"1":{"start":{"line":9,"column":28},"end":{"line":20,"column":null}},"2":{"start":{"line":23,"column":13},"end":{"line":23,"column":66}}},"fnMap":{},"branchMap":{},"s":{"0":3,"1":3,"2":3},"f":{},"b":{}}
,"C:\\Users\\anaje\\Documents\\BackendProjects\\backend-engineer-test\\src\\models\\User.ts": {"path":"C:\\Users\\anaje\\Documents\\BackendProjects\\backend-engineer-test\\src\\models\\User.ts","statementMap":{"0":{"start":{"line":1,"column":0},"end":{"line":1,"column":54}},"1":{"start":{"line":11,"column":27},"end":{"line":30,"column":null}},"2":{"start":{"line":33,"column":13},"end":{"line":33,"column":62}}},"fnMap":{},"branchMap":{},"s":{"0":3,"1":3,"2":3},"f":{},"b":{}}
,"C:\\Users\\anaje\\Documents\\BackendProjects\\backend-engineer-test\\src\\routes\\authRoutes.ts": {"path":"C:\\Users\\anaje\\Documents\\BackendProjects\\backend-engineer-test\\src\\routes\\authRoutes.ts","statementMap":{"0":{"start":{"line":1,"column":0},"end":{"line":1,"column":33}},"1":{"start":{"line":2,"column":0},"end":{"line":2,"column":66}},"2":{"start":{"line":3,"column":0},"end":{"line":3,"column":null}},"3":{"start":{"line":12,"column":23},"end":{"line":12,"column":31}},"4":{"start":{"line":19,"column":0},"end":{"line":21,"column":3}},"5":{"start":{"line":20,"column":4},"end":{"line":20,"column":27}},"6":{"start":{"line":28,"column":0},"end":{"line":30,"column":3}},"7":{"start":{"line":29,"column":4},"end":{"line":29,"column":24}},"8":{"start":{"line":37,"column":0},"end":{"line":39,"column":3}},"9":{"start":{"line":38,"column":4},"end":{"line":38,"column":29}},"10":{"start":{"line":46,"column":0},"end":{"line":48,"column":3}},"11":{"start":{"line":47,"column":4},"end":{"line":47,"column":25}},"12":{"start":{"line":55,"column":0},"end":{"line":57,"column":3}},"13":{"start":{"line":56,"column":4},"end":{"line":56,"column":25}},"14":{"start":{"line":64,"column":0},"end":{"line":66,"column":3}},"15":{"start":{"line":65,"column":4},"end":{"line":65,"column":25}},"16":{"start":{"line":68,"column":0},"end":{"line":68,"column":22}}},"fnMap":{"0":{"name":"(anonymous_0)","decl":{"start":{"line":19,"column":25},"end":{"line":19,"column":26}},"loc":{"start":{"line":19,"column":44},"end":{"line":21,"column":1}}},"1":{"name":"(anonymous_1)","decl":{"start":{"line":28,"column":22},"end":{"line":28,"column":23}},"loc":{"start":{"line":28,"column":41},"end":{"line":30,"column":1}}},"2":{"name":"(anonymous_2)","decl":{"start":{"line":37,"column":47},"end":{"line":37,"column":48}},"loc":{"start":{"line":37,"column":66},"end":{"line":39,"column":1}}},"3":{"name":"(anonymous_3)","decl":{"start":{"line":46,"column":51},"end":{"line":46,"column":52}},"loc":{"start":{"line":46,"column":70},"end":{"line":48,"column":1}}},"4":{"name":"(anonymous_4)","decl":{"start":{"line":55,"column":54},"end":{"line":55,"column":55}},"loc":{"start":{"line":55,"column":73},"end":{"line":57,"column":1}}},"5":{"name":"(anonymous_5)","decl":{"start":{"line":64,"column":23},"end":{"line":64,"column":24}},"loc":{"start":{"line":64,"column":42},"end":{"line":66,"column":1}}}},"branchMap":{},"s":{"0":2,"1":2,"2":2,"3":2,"4":2,"5":3,"6":2,"7":9,"8":2,"9":0,"10":2,"11":1,"12":2,"13":2,"14":2,"15":2,"16":2},"f":{"0":3,"1":9,"2":0,"3":1,"4":2,"5":2},"b":{}}
,"C:\\Users\\anaje\\Documents\\BackendProjects\\backend-engineer-test\\src\\routes\\productRoutes.ts": {"path":"C:\\Users\\anaje\\Documents\\BackendProjects\\backend-engineer-test\\src\\routes\\productRoutes.ts","statementMap":{"0":{"start":{"line":1,"column":0},"end":{"line":1,"column":33}},"1":{"start":{"line":2,"column":0},"end":{"line":2,"column":66}},"2":{"start":{"line":3,"column":0},"end":{"line":3,"column":null}},"3":{"start":{"line":11,"column":15},"end":{"line":11,"column":23}},"4":{"start":{"line":18,"column":0},"end":{"line":20,"column":3}},"5":{"start":{"line":19,"column":4},"end":{"line":19,"column":28}},"6":{"start":{"line":27,"column":0},"end":{"line":29,"column":3}},"7":{"start":{"line":28,"column":4},"end":{"line":28,"column":29}},"8":{"start":{"line":36,"column":0},"end":{"line":38,"column":3}},"9":{"start":{"line":37,"column":4},"end":{"line":37,"column":29}},"10":{"start":{"line":45,"column":0},"end":{"line":47,"column":3}},"11":{"start":{"line":46,"column":4},"end":{"line":46,"column":28}},"12":{"start":{"line":54,"column":0},"end":{"line":56,"column":3}},"13":{"start":{"line":55,"column":4},"end":{"line":55,"column":28}},"14":{"start":{"line":58,"column":0},"end":{"line":58,"column":22}}},"fnMap":{"0":{"name":"(anonymous_0)","decl":{"start":{"line":18,"column":46},"end":{"line":18,"column":47}},"loc":{"start":{"line":18,"column":59},"end":{"line":20,"column":1}}},"1":{"name":"(anonymous_1)","decl":{"start":{"line":27,"column":16},"end":{"line":27,"column":17}},"loc":{"start":{"line":27,"column":29},"end":{"line":29,"column":1}}},"2":{"name":"(anonymous_2)","decl":{"start":{"line":36,"column":19},"end":{"line":36,"column":20}},"loc":{"start":{"line":36,"column":32},"end":{"line":38,"column":1}}},"3":{"name":"(anonymous_3)","decl":{"start":{"line":45,"column":48},"end":{"line":45,"column":49}},"loc":{"start":{"line":45,"column":61},"end":{"line":47,"column":1}}},"4":{"name":"(anonymous_4)","decl":{"start":{"line":54,"column":51},"end":{"line":54,"column":52}},"loc":{"start":{"line":54,"column":64},"end":{"line":56,"column":1}}}},"branchMap":{},"s":{"0":2,"1":2,"2":2,"3":2,"4":2,"5":2,"6":2,"7":1,"8":2,"9":2,"10":2,"11":2,"12":2,"13":2,"14":2},"f":{"0":2,"1":1,"2":2,"3":2,"4":2},"b":{}}
,"C:\\Users\\anaje\\Documents\\BackendProjects\\backend-engineer-test\\src\\utils\\hashHelper.ts": {"path":"C:\\Users\\anaje\\Documents\\BackendProjects\\backend-engineer-test\\src\\utils\\hashHelper.ts","statementMap":{"0":{"start":{"line":1,"column":0},"end":{"line":1,"column":30}},"1":{"start":{"line":3,"column":13},"end":{"line":12,"column":2}},"2":{"start":{"line":4,"column":60},"end":{"line":7,"column":null}},"3":{"start":{"line":5,"column":17},"end":{"line":5,"column":41}},"4":{"start":{"line":6,"column":4},"end":{"line":6,"column":39}},"5":{"start":{"line":9,"column":78},"end":{"line":11,"column":null}},"6":{"start":{"line":10,"column":4},"end":{"line":10,"column":42}}},"fnMap":{"0":{"name":"(anonymous_8)","decl":{"start":{"line":4,"column":16},"end":{"line":4,"column":23}},"loc":{"start":{"line":4,"column":60},"end":{"line":7,"column":null}}},"1":{"name":"(anonymous_9)","decl":{"start":{"line":4,"column":60},"end":{"line":4,"column":null}},"loc":{"start":{"line":4,"column":60},"end":{"line":7,"column":3}}},"2":{"name":"(anonymous_10)","decl":{"start":{"line":9,"column":19},"end":{"line":9,"column":26}},"loc":{"start":{"line":9,"column":78},"end":{"line":11,"column":null}}},"3":{"name":"(anonymous_11)","decl":{"start":{"line":9,"column":78},"end":{"line":9,"column":null}},"loc":{"start":{"line":9,"column":78},"end":{"line":11,"column":3}}}},"branchMap":{},"s":{"0":2,"1":2,"2":9,"3":9,"4":9,"5":7,"6":7},"f":{"0":9,"1":9,"2":7,"3":7},"b":{}}
,"C:\\Users\\anaje\\Documents\\BackendProjects\\backend-engineer-test\\src\\utils\\jwtHelper.ts": {"path":"C:\\Users\\anaje\\Documents\\BackendProjects\\backend-engineer-test\\src\\utils\\jwtHelper.ts","statementMap":{"0":{"start":{"line":1,"column":0},"end":{"line":1,"column":31}},"1":{"start":{"line":2,"column":0},"end":{"line":2,"column":28}},"2":{"start":{"line":4,"column":0},"end":{"line":4,"column":16}},"3":{"start":{"line":7,"column":19},"end":{"line":7,"column":62}},"4":{"start":{"line":9,"column":23},"end":{"line":9,"column":27}},"5":{"start":{"line":14,"column":13},"end":{"line":39,"column":2}},"6":{"start":{"line":22,"column":4},"end":{"line":22,"column":72}},"7":{"start":{"line":32,"column":4},"end":{"line":37,"column":5}},"8":{"start":{"line":34,"column":6},"end":{"line":34,"column":43}},"9":{"start":{"line":36,"column":6},"end":{"line":36,"column":50}}},"fnMap":{"0":{"name":"(anonymous_1)","decl":{"start":{"line":20,"column":13},"end":{"line":20,"column":14}},"loc":{"start":{"line":20,"column":41},"end":{"line":23,"column":3}}},"1":{"name":"(anonymous_2)","decl":{"start":{"line":31,"column":15},"end":{"line":31,"column":16}},"loc":{"start":{"line":31,"column":38},"end":{"line":38,"column":3}}}},"branchMap":{"0":{"loc":{"start":{"line":7,"column":19},"end":{"line":7,"column":62}},"type":"binary-expr","locations":[{"start":{"line":7,"column":19},"end":{"line":7,"column":41}},{"start":{"line":7,"column":45},"end":{"line":7,"column":62}}]}},"s":{"0":2,"1":2,"2":2,"3":2,"4":2,"5":2,"6":6,"7":0,"8":0,"9":0},"f":{"0":6,"1":0},"b":{"0":[2,0]}}
,"C:\\Users\\anaje\\Documents\\BackendProjects\\backend-engineer-test\\src\\utils\\logger.ts": {"path":"C:\\Users\\anaje\\Documents\\BackendProjects\\backend-engineer-test\\src\\utils\\logger.ts","statementMap":{"0":{"start":{"line":1,"column":13},"end":{"line":11,"column":4}},"1":{"start":{"line":3,"column":6},"end":{"line":3,"column":39}},"2":{"start":{"line":6,"column":6},"end":{"line":6,"column":43}},"3":{"start":{"line":9,"column":6},"end":{"line":9,"column":41}}},"fnMap":{"0":{"name":"(anonymous_0)","decl":{"start":{"line":2,"column":9},"end":{"line":2,"column":10}},"loc":{"start":{"line":2,"column":35},"end":{"line":4,"column":5}}},"1":{"name":"(anonymous_1)","decl":{"start":{"line":5,"column":11},"end":{"line":5,"column":12}},"loc":{"start":{"line":5,"column":37},"end":{"line":7,"column":5}}},"2":{"name":"(anonymous_2)","decl":{"start":{"line":8,"column":10},"end":{"line":8,"column":11}},"loc":{"start":{"line":8,"column":36},"end":{"line":10,"column":5}}}},"branchMap":{},"s":{"0":2,"1":13,"2":4,"3":0},"f":{"0":13,"1":4,"2":0},"b":{}}
}
