{"C:\\Users\\anaje\\Documents\\BackendProjects\\backend-engineer-test\\src\\config\\database.ts": {"path":"C:\\Users\\anaje\\Documents\\BackendProjects\\backend-engineer-test\\src\\config\\database.ts","statementMap":{"0":{"start":{"line":1,"column":0},"end":{"line":1,"column":32}},"1":{"start":{"line":2,"column":0},"end":{"line":2,"column":28}},"2":{"start":{"line":4,"column":0},"end":{"line":4,"column":16}},"3":{"start":{"line":7,"column":18},"end":{"line":24,"column":2}},"4":{"start":{"line":7,"column":44},"end":{"line":24,"column":2}},"5":{"start":{"line":8,"column":2},"end":{"line":23,"column":3}},"6":{"start":{"line":10,"column":21},"end":{"line":10,"column":95}},"7":{"start":{"line":13,"column":4},"end":{"line":13,"column":37}},"8":{"start":{"line":16,"column":4},"end":{"line":16,"column":49}},"9":{"start":{"line":19,"column":4},"end":{"line":19,"column":55}},"10":{"start":{"line":22,"column":4},"end":{"line":22,"column":20}},"11":{"start":{"line":27,"column":0},"end":{"line":27,"column":25}}},"fnMap":{"0":{"name":"(anonymous_8)","decl":{"start":{"line":7,"column":18},"end":{"line":7,"column":42}},"loc":{"start":{"line":7,"column":44},"end":{"line":24,"column":2}}},"1":{"name":"(anonymous_9)","decl":{"start":{"line":7,"column":44},"end":{"line":7,"column":null}},"loc":{"start":{"line":7,"column":44},"end":{"line":24,"column":1}}}},"branchMap":{"0":{"loc":{"start":{"line":10,"column":21},"end":{"line":10,"column":95}},"type":"binary-expr","locations":[{"start":{"line":10,"column":21},"end":{"line":10,"column":42}},{"start":{"line":10,"column":46},"end":{"line":10,"column":95}}]}},"s":{"0":1,"1":1,"2":1,"3":1,"4":2,"5":2,"6":2,"7":2,"8":1,"9":1,"10":1,"11":1},"f":{"0":2,"1":2},"b":{"0":[2,0]}}
,"C:\\Users\\anaje\\Documents\\BackendProjects\\backend-engineer-test\\src\\controllers\\authController.ts": {"path":"C:\\Users\\anaje\\Documents\\BackendProjects\\backend-engineer-test\\src\\controllers\\authController.ts","statementMap":{"0":{"start":{"line":2,"column":0},"end":{"line":2,"column":38}},"1":{"start":{"line":3,"column":0},"end":{"line":3,"column":49}},"2":{"start":{"line":4,"column":0},"end":{"line":4,"column":47}},"3":{"start":{"line":5,"column":0},"end":{"line":5,"column":40}},"4":{"start":{"line":10,"column":28},"end":{"line":36,"column":2}},"5":{"start":{"line":10,"column":85},"end":{"line":36,"column":2}},"6":{"start":{"line":11,"column":2},"end":{"line":35,"column":3}},"7":{"start":{"line":13,"column":42},"end":{"line":13,"column":50}},"8":{"start":{"line":16,"column":25},"end":{"line":16,"column":54}},"9":{"start":{"line":17,"column":4},"end":{"line":20,"column":5}},"10":{"start":{"line":19,"column":6},"end":{"line":19,"column":94}},"11":{"start":{"line":23,"column":27},"end":{"line":23,"column":66}},"12":{"start":{"line":24,"column":17},"end":{"line":24,"column":72}},"13":{"start":{"line":26,"column":4},"end":{"line":26,"column":22}},"14":{"start":{"line":29,"column":4},"end":{"line":29,"column":63}},"15":{"start":{"line":32,"column":4},"end":{"line":32,"column":25}},"16":{"start":{"line":34,"column":4},"end":{"line":34,"column":88}},"17":{"start":{"line":10,"column":13},"end":{"line":10,"column":28}},"18":{"start":{"line":41,"column":25},"end":{"line":71,"column":2}},"19":{"start":{"line":41,"column":82},"end":{"line":71,"column":2}},"20":{"start":{"line":42,"column":2},"end":{"line":70,"column":3}},"21":{"start":{"line":44,"column":32},"end":{"line":44,"column":40}},"22":{"start":{"line":47,"column":17},"end":{"line":47,"column":46}},"23":{"start":{"line":48,"column":4},"end":{"line":51,"column":5}},"24":{"start":{"line":50,"column":6},"end":{"line":50,"column":86}},"25":{"start":{"line":54,"column":20},"end":{"line":54,"column":77}},"26":{"start":{"line":55,"column":4},"end":{"line":58,"column":5}},"27":{"start":{"line":57,"column":6},"end":{"line":57,"column":86}},"28":{"start":{"line":61,"column":18},"end":{"line":61,"column":55}},"29":{"start":{"line":64,"column":4},"end":{"line":64,"column":58}},"30":{"start":{"line":67,"column":4},"end":{"line":67,"column":25}},"31":{"start":{"line":69,"column":4},"end":{"line":69,"column":80}},"32":{"start":{"line":41,"column":13},"end":{"line":41,"column":25}},"33":{"start":{"line":76,"column":30},"end":{"line":92,"column":2}},"34":{"start":{"line":76,"column":87},"end":{"line":92,"column":2}},"35":{"start":{"line":77,"column":2},"end":{"line":91,"column":3}},"36":{"start":{"line":79,"column":17},"end":{"line":79,"column":70}},"37":{"start":{"line":80,"column":4},"end":{"line":83,"column":5}},"38":{"start":{"line":82,"column":6},"end":{"line":82,"column":81}},"39":{"start":{"line":85,"column":4},"end":{"line":85,"column":63}},"40":{"start":{"line":88,"column":4},"end":{"line":88,"column":25}},"41":{"start":{"line":90,"column":4},"end":{"line":90,"column":91}},"42":{"start":{"line":76,"column":13},"end":{"line":76,"column":30}},"43":{"start":{"line":97,"column":26},"end":{"line":120,"column":2}},"44":{"start":{"line":97,"column":83},"end":{"line":120,"column":2}},"45":{"start":{"line":98,"column":2},"end":{"line":119,"column":3}},"46":{"start":{"line":100,"column":32},"end":{"line":100,"column":40}},"47":{"start":{"line":102,"column":17},"end":{"line":106,"column":6}},"48":{"start":{"line":108,"column":4},"end":{"line":111,"column":5}},"49":{"start":{"line":110,"column":6},"end":{"line":110,"column":81}},"50":{"start":{"line":113,"column":4},"end":{"line":113,"column":63}},"51":{"start":{"line":116,"column":4},"end":{"line":116,"column":25}},"52":{"start":{"line":118,"column":4},"end":{"line":118,"column":86}},"53":{"start":{"line":97,"column":13},"end":{"line":97,"column":26}},"54":{"start":{"line":125,"column":26},"end":{"line":141,"column":2}},"55":{"start":{"line":125,"column":83},"end":{"line":141,"column":2}},"56":{"start":{"line":126,"column":2},"end":{"line":140,"column":3}},"57":{"start":{"line":128,"column":17},"end":{"line":128,"column":59}},"58":{"start":{"line":129,"column":4},"end":{"line":132,"column":5}},"59":{"start":{"line":131,"column":6},"end":{"line":131,"column":81}},"60":{"start":{"line":134,"column":4},"end":{"line":134,"column":97}},"61":{"start":{"line":137,"column":4},"end":{"line":137,"column":25}},"62":{"start":{"line":139,"column":4},"end":{"line":139,"column":86}},"63":{"start":{"line":125,"column":13},"end":{"line":125,"column":26}},"64":{"start":{"line":143,"column":26},"end":{"line":157,"column":2}},"65":{"start":{"line":143,"column":64},"end":{"line":157,"column":2}},"66":{"start":{"line":144,"column":2},"end":{"line":156,"column":3}},"67":{"start":{"line":145,"column":18},"end":{"line":145,"column":61}},"68":{"start":{"line":146,"column":4},"end":{"line":148,"column":5}},"69":{"start":{"line":147,"column":6},"end":{"line":147,"column":85}},"70":{"start":{"line":150,"column":22},"end":{"line":150,"column":64}},"71":{"start":{"line":151,"column":4},"end":{"line":151,"column":45}},"72":{"start":{"line":153,"column":4},"end":{"line":153,"column":80}},"73":{"start":{"line":155,"column":4},"end":{"line":155,"column":75}},"74":{"start":{"line":143,"column":13},"end":{"line":143,"column":26}}},"fnMap":{"0":{"name":"(anonymous_7)","decl":{"start":{"line":10,"column":28},"end":{"line":10,"column":35}},"loc":{"start":{"line":10,"column":85},"end":{"line":36,"column":2}}},"1":{"name":"(anonymous_8)","decl":{"start":{"line":10,"column":85},"end":{"line":10,"column":null}},"loc":{"start":{"line":10,"column":85},"end":{"line":36,"column":1}}},"2":{"name":"(anonymous_9)","decl":{"start":{"line":41,"column":25},"end":{"line":41,"column":32}},"loc":{"start":{"line":41,"column":82},"end":{"line":71,"column":2}}},"3":{"name":"(anonymous_10)","decl":{"start":{"line":41,"column":82},"end":{"line":41,"column":null}},"loc":{"start":{"line":41,"column":82},"end":{"line":71,"column":1}}},"4":{"name":"(anonymous_11)","decl":{"start":{"line":76,"column":30},"end":{"line":76,"column":37}},"loc":{"start":{"line":76,"column":87},"end":{"line":92,"column":2}}},"5":{"name":"(anonymous_12)","decl":{"start":{"line":76,"column":87},"end":{"line":76,"column":null}},"loc":{"start":{"line":76,"column":87},"end":{"line":92,"column":1}}},"6":{"name":"(anonymous_13)","decl":{"start":{"line":97,"column":26},"end":{"line":97,"column":33}},"loc":{"start":{"line":97,"column":83},"end":{"line":120,"column":2}}},"7":{"name":"(anonymous_14)","decl":{"start":{"line":97,"column":83},"end":{"line":97,"column":null}},"loc":{"start":{"line":97,"column":83},"end":{"line":120,"column":1}}},"8":{"name":"(anonymous_15)","decl":{"start":{"line":125,"column":26},"end":{"line":125,"column":33}},"loc":{"start":{"line":125,"column":83},"end":{"line":141,"column":2}}},"9":{"name":"(anonymous_16)","decl":{"start":{"line":125,"column":83},"end":{"line":125,"column":null}},"loc":{"start":{"line":125,"column":83},"end":{"line":141,"column":1}}},"10":{"name":"(anonymous_17)","decl":{"start":{"line":143,"column":26},"end":{"line":143,"column":33}},"loc":{"start":{"line":143,"column":64},"end":{"line":157,"column":2}}},"11":{"name":"(anonymous_18)","decl":{"start":{"line":143,"column":64},"end":{"line":143,"column":null}},"loc":{"start":{"line":143,"column":64},"end":{"line":157,"column":1}}}},"branchMap":{"0":{"loc":{"start":{"line":17,"column":4},"end":{"line":20,"column":5}},"type":"if","locations":[{"start":{"line":17,"column":4},"end":{"line":20,"column":5}}]},"1":{"loc":{"start":{"line":48,"column":4},"end":{"line":51,"column":5}},"type":"if","locations":[{"start":{"line":48,"column":4},"end":{"line":51,"column":5}}]},"2":{"loc":{"start":{"line":55,"column":4},"end":{"line":58,"column":5}},"type":"if","locations":[{"start":{"line":55,"column":4},"end":{"line":58,"column":5}}]},"3":{"loc":{"start":{"line":79,"column":37},"end":{"line":79,"column":49}},"type":"cond-expr","locations":[{"start":{"line":79,"column":45},"end":{"line":79,"column":47}},{"start":{"line":79,"column":45},"end":{"line":79,"column":49}}]},"4":{"loc":{"start":{"line":79,"column":37},"end":{"line":79,"column":47}},"type":"binary-expr","locations":[{"start":{"line":79,"column":37},"end":{"line":79,"column":47}},{"start":{"line":79,"column":45},"end":{"line":79,"column":47}}]},"5":{"loc":{"start":{"line":80,"column":4},"end":{"line":83,"column":5}},"type":"if","locations":[{"start":{"line":80,"column":4},"end":{"line":83,"column":5}}]},"6":{"loc":{"start":{"line":103,"column":6},"end":{"line":103,"column":18}},"type":"cond-expr","locations":[{"start":{"line":103,"column":14},"end":{"line":103,"column":16}},{"start":{"line":103,"column":14},"end":{"line":103,"column":18}}]},"7":{"loc":{"start":{"line":103,"column":6},"end":{"line":103,"column":16}},"type":"binary-expr","locations":[{"start":{"line":103,"column":6},"end":{"line":103,"column":16}},{"start":{"line":103,"column":14},"end":{"line":103,"column":16}}]},"8":{"loc":{"start":{"line":108,"column":4},"end":{"line":111,"column":5}},"type":"if","locations":[{"start":{"line":108,"column":4},"end":{"line":111,"column":5}}]},"9":{"loc":{"start":{"line":128,"column":46},"end":{"line":128,"column":58}},"type":"cond-expr","locations":[{"start":{"line":128,"column":54},"end":{"line":128,"column":56}},{"start":{"line":128,"column":54},"end":{"line":128,"column":58}}]},"10":{"loc":{"start":{"line":128,"column":46},"end":{"line":128,"column":56}},"type":"binary-expr","locations":[{"start":{"line":128,"column":46},"end":{"line":128,"column":56}},{"start":{"line":128,"column":54},"end":{"line":128,"column":56}}]},"11":{"loc":{"start":{"line":129,"column":4},"end":{"line":132,"column":5}},"type":"if","locations":[{"start":{"line":129,"column":4},"end":{"line":132,"column":5}}]},"12":{"loc":{"start":{"line":145,"column":18},"end":{"line":145,"column":61}},"type":"cond-expr","locations":[{"start":{"line":145,"column":46},"end":{"line":145,"column":48}},{"start":{"line":145,"column":46},"end":{"line":145,"column":61}}]},"13":{"loc":{"start":{"line":145,"column":18},"end":{"line":145,"column":48}},"type":"binary-expr","locations":[{"start":{"line":145,"column":18},"end":{"line":145,"column":48}},{"start":{"line":145,"column":46},"end":{"line":145,"column":48}}]},"14":{"loc":{"start":{"line":146,"column":4},"end":{"line":148,"column":5}},"type":"if","locations":[{"start":{"line":146,"column":4},"end":{"line":148,"column":5}}]}},"s":{"0":1,"1":1,"2":1,"3":1,"4":1,"5":2,"6":2,"7":2,"8":2,"9":2,"10":1,"11":1,"12":1,"13":1,"14":1,"15":0,"16":0,"17":1,"18":1,"19":2,"20":2,"21":2,"22":2,"23":2,"24":1,"25":1,"26":1,"27":0,"28":1,"29":1,"30":0,"31":0,"32":1,"33":1,"34":2,"35":2,"36":2,"37":0,"38":0,"39":0,"40":2,"41":2,"42":1,"43":1,"44":2,"45":2,"46":2,"47":2,"48":2,"49":1,"50":1,"51":0,"52":0,"53":1,"54":1,"55":2,"56":2,"57":2,"58":2,"59":1,"60":1,"61":0,"62":0,"63":1,"64":1,"65":2,"66":2,"67":2,"68":2,"69":1,"70":1,"71":1,"72":1,"73":0,"74":1},"f":{"0":2,"1":2,"2":2,"3":2,"4":2,"5":2,"6":2,"7":2,"8":2,"9":2,"10":2,"11":2},"b":{"0":[1],"1":[1],"2":[0],"3":[0,2],"4":[2,2],"5":[0],"6":[0,2],"7":[2,2],"8":[1],"9":[0,2],"10":[2,2],"11":[1],"12":[1,1],"13":[2,2],"14":[1]}}
,"C:\\Users\\anaje\\Documents\\BackendProjects\\backend-engineer-test\\src\\models\\Token.ts": {"path":"C:\\Users\\anaje\\Documents\\BackendProjects\\backend-engineer-test\\src\\models\\Token.ts","statementMap":{"0":{"start":{"line":1,"column":0},"end":{"line":1,"column":54}},"1":{"start":{"line":9,"column":28},"end":{"line":20,"column":null}},"2":{"start":{"line":23,"column":13},"end":{"line":23,"column":66}}},"fnMap":{},"branchMap":{},"s":{"0":1,"1":1,"2":1},"f":{},"b":{}}
,"C:\\Users\\anaje\\Documents\\BackendProjects\\backend-engineer-test\\src\\models\\User.ts": {"path":"C:\\Users\\anaje\\Documents\\BackendProjects\\backend-engineer-test\\src\\models\\User.ts","statementMap":{"0":{"start":{"line":1,"column":0},"end":{"line":1,"column":54}},"1":{"start":{"line":11,"column":27},"end":{"line":30,"column":null}},"2":{"start":{"line":33,"column":13},"end":{"line":33,"column":62}}},"fnMap":{},"branchMap":{},"s":{"0":1,"1":1,"2":1},"f":{},"b":{}}
,"C:\\Users\\anaje\\Documents\\BackendProjects\\backend-engineer-test\\src\\utils\\hashHelper.ts": {"path":"C:\\Users\\anaje\\Documents\\BackendProjects\\backend-engineer-test\\src\\utils\\hashHelper.ts","statementMap":{"0":{"start":{"line":1,"column":0},"end":{"line":1,"column":30}},"1":{"start":{"line":3,"column":13},"end":{"line":12,"column":2}},"2":{"start":{"line":4,"column":60},"end":{"line":7,"column":null}},"3":{"start":{"line":5,"column":17},"end":{"line":5,"column":41}},"4":{"start":{"line":6,"column":4},"end":{"line":6,"column":39}},"5":{"start":{"line":9,"column":78},"end":{"line":11,"column":null}},"6":{"start":{"line":10,"column":4},"end":{"line":10,"column":42}}},"fnMap":{"0":{"name":"(anonymous_8)","decl":{"start":{"line":4,"column":16},"end":{"line":4,"column":23}},"loc":{"start":{"line":4,"column":60},"end":{"line":7,"column":null}}},"1":{"name":"(anonymous_9)","decl":{"start":{"line":4,"column":60},"end":{"line":4,"column":null}},"loc":{"start":{"line":4,"column":60},"end":{"line":7,"column":3}}},"2":{"name":"(anonymous_10)","decl":{"start":{"line":9,"column":19},"end":{"line":9,"column":26}},"loc":{"start":{"line":9,"column":78},"end":{"line":11,"column":null}}},"3":{"name":"(anonymous_11)","decl":{"start":{"line":9,"column":78},"end":{"line":9,"column":null}},"loc":{"start":{"line":9,"column":78},"end":{"line":11,"column":3}}}},"branchMap":{},"s":{"0":1,"1":1,"2":0,"3":0,"4":0,"5":0,"6":0},"f":{"0":0,"1":0,"2":0,"3":0},"b":{}}
,"C:\\Users\\anaje\\Documents\\BackendProjects\\backend-engineer-test\\src\\utils\\jwtHelper.ts": {"path":"C:\\Users\\anaje\\Documents\\BackendProjects\\backend-engineer-test\\src\\utils\\jwtHelper.ts","statementMap":{"0":{"start":{"line":1,"column":0},"end":{"line":1,"column":31}},"1":{"start":{"line":2,"column":0},"end":{"line":2,"column":28}},"2":{"start":{"line":4,"column":0},"end":{"line":4,"column":16}},"3":{"start":{"line":7,"column":19},"end":{"line":7,"column":62}},"4":{"start":{"line":9,"column":23},"end":{"line":9,"column":27}},"5":{"start":{"line":14,"column":13},"end":{"line":39,"column":2}},"6":{"start":{"line":22,"column":4},"end":{"line":22,"column":72}},"7":{"start":{"line":32,"column":4},"end":{"line":37,"column":5}},"8":{"start":{"line":34,"column":6},"end":{"line":34,"column":43}},"9":{"start":{"line":36,"column":6},"end":{"line":36,"column":50}}},"fnMap":{"0":{"name":"(anonymous_1)","decl":{"start":{"line":20,"column":13},"end":{"line":20,"column":14}},"loc":{"start":{"line":20,"column":41},"end":{"line":23,"column":3}}},"1":{"name":"(anonymous_2)","decl":{"start":{"line":31,"column":15},"end":{"line":31,"column":16}},"loc":{"start":{"line":31,"column":38},"end":{"line":38,"column":3}}}},"branchMap":{"0":{"loc":{"start":{"line":7,"column":19},"end":{"line":7,"column":62}},"type":"binary-expr","locations":[{"start":{"line":7,"column":19},"end":{"line":7,"column":41}},{"start":{"line":7,"column":45},"end":{"line":7,"column":62}}]}},"s":{"0":1,"1":1,"2":1,"3":1,"4":1,"5":1,"6":0,"7":0,"8":0,"9":0},"f":{"0":0,"1":0},"b":{"0":[1,0]}}
}
