TN:
SF:src\config\database.ts
FN:7,(anonymous_8)
FN:7,(anonymous_9)
FNF:2
FNH:2
FNDA:2,(anonymous_8)
FNDA:2,(anonymous_9)
DA:1,1
DA:2,1
DA:4,1
DA:7,2
DA:8,2
DA:10,2
DA:13,2
DA:16,1
DA:19,1
DA:22,1
DA:27,1
LF:11
LH:11
BRDA:10,0,0,2
BRDA:10,0,1,0
BRF:2
BRH:1
end_of_record
TN:
SF:src\controllers\authController.ts
FN:10,(anonymous_7)
FN:10,(anonymous_8)
FN:41,(anonymous_9)
FN:41,(anonymous_10)
FN:76,(anonymous_11)
FN:76,(anonymous_12)
FN:97,(anonymous_13)
FN:97,(anonymous_14)
FN:125,(anonymous_15)
FN:125,(anonymous_16)
FN:143,(anonymous_17)
FN:143,(anonymous_18)
FNF:12
FNH:12
FNDA:2,(anonymous_7)
FNDA:2,(anonymous_8)
FNDA:2,(anonymous_9)
FNDA:2,(anonymous_10)
FNDA:2,(anonymous_11)
FNDA:2,(anonymous_12)
FNDA:2,(anonymous_13)
FNDA:2,(anonymous_14)
FNDA:2,(anonymous_15)
FNDA:2,(anonymous_16)
FNDA:2,(anonymous_17)
FNDA:2,(anonymous_18)
DA:2,1
DA:3,1
DA:4,1
DA:5,1
DA:10,2
DA:11,2
DA:13,2
DA:16,2
DA:17,2
DA:19,1
DA:23,1
DA:24,1
DA:26,1
DA:29,1
DA:32,0
DA:34,0
DA:41,2
DA:42,2
DA:44,2
DA:47,2
DA:48,2
DA:50,1
DA:54,1
DA:55,1
DA:57,0
DA:61,1
DA:64,1
DA:67,0
DA:69,0
DA:76,2
DA:77,2
DA:79,2
DA:80,0
DA:82,0
DA:85,0
DA:88,2
DA:90,2
DA:97,2
DA:98,2
DA:100,2
DA:102,2
DA:108,2
DA:110,1
DA:113,1
DA:116,0
DA:118,0
DA:125,2
DA:126,2
DA:128,2
DA:129,2
DA:131,1
DA:134,1
DA:137,0
DA:139,0
DA:143,2
DA:144,2
DA:145,2
DA:146,2
DA:147,1
DA:150,1
DA:151,1
DA:153,1
DA:155,0
LF:63
LH:50
BRDA:17,0,0,1
BRDA:48,1,0,1
BRDA:55,2,0,0
BRDA:79,3,0,0
BRDA:79,3,1,2
BRDA:79,4,0,2
BRDA:79,4,1,2
BRDA:80,5,0,0
BRDA:103,6,0,0
BRDA:103,6,1,2
BRDA:103,7,0,2
BRDA:103,7,1,2
BRDA:108,8,0,1
BRDA:128,9,0,0
BRDA:128,9,1,2
BRDA:128,10,0,2
BRDA:128,10,1,2
BRDA:129,11,0,1
BRDA:145,12,0,1
BRDA:145,12,1,1
BRDA:145,13,0,2
BRDA:145,13,1,2
BRDA:146,14,0,1
BRF:23
BRH:18
end_of_record
TN:
SF:src\models\Token.ts
FNF:0
FNH:0
DA:1,1
DA:9,1
DA:23,1
LF:3
LH:3
BRF:0
BRH:0
end_of_record
TN:
SF:src\models\User.ts
FNF:0
FNH:0
DA:1,1
DA:11,1
DA:33,1
LF:3
LH:3
BRF:0
BRH:0
end_of_record
TN:
SF:src\utils\hashHelper.ts
FN:4,(anonymous_8)
FN:4,(anonymous_9)
FN:9,(anonymous_10)
FN:9,(anonymous_11)
FNF:4
FNH:0
FNDA:0,(anonymous_8)
FNDA:0,(anonymous_9)
FNDA:0,(anonymous_10)
FNDA:0,(anonymous_11)
DA:1,1
DA:3,1
DA:4,0
DA:5,0
DA:6,0
DA:9,0
DA:10,0
LF:7
LH:2
BRF:0
BRH:0
end_of_record
TN:
SF:src\utils\jwtHelper.ts
FN:20,(anonymous_1)
FN:31,(anonymous_2)
FNF:2
FNH:0
FNDA:0,(anonymous_1)
FNDA:0,(anonymous_2)
DA:1,1
DA:2,1
DA:4,1
DA:7,1
DA:9,1
DA:14,1
DA:22,0
DA:32,0
DA:34,0
DA:36,0
LF:10
LH:6
BRDA:7,0,0,1
BRDA:7,0,1,0
BRF:2
BRH:1
end_of_record
