TN:
SF:src\app.ts
FN:30,(anonymous_1)
FNF:1
FNH:0
FNDA:0,(anonymous_1)
DA:1,2
DA:2,2
DA:3,2
DA:4,2
DA:5,2
DA:6,2
DA:7,2
DA:8,2
DA:9,2
DA:12,2
DA:15,2
DA:18,2
DA:19,2
DA:20,2
DA:23,2
DA:26,2
DA:27,2
DA:30,2
DA:31,0
DA:35,2
DA:38,2
DA:40,2
LF:22
LH:21
BRF:0
BRH:0
end_of_record
TN:
SF:src\config\database.ts
FN:7,(anonymous_8)
FN:7,(anonymous_9)
FNF:2
FNH:2
FNDA:4,(anonymous_8)
FNDA:4,(anonymous_9)
DA:1,3
DA:2,3
DA:4,3
DA:7,4
DA:8,4
DA:10,4
DA:13,4
DA:16,3
DA:19,1
DA:22,1
DA:27,3
LF:11
LH:11
BRDA:10,0,0,4
BRDA:10,0,1,0
BRF:2
BRH:1
end_of_record
TN:
SF:src\controllers\authController.ts
FN:10,(anonymous_7)
FN:10,(anonymous_8)
FN:47,(anonymous_9)
FN:47,(anonymous_10)
FN:82,(anonymous_11)
FN:82,(anonymous_12)
FN:109,(anonymous_13)
FN:109,(anonymous_14)
FN:137,(anonymous_15)
FN:137,(anonymous_16)
FN:159,(anonymous_17)
FN:159,(anonymous_18)
FNF:12
FNH:10
FNDA:3,(anonymous_7)
FNDA:3,(anonymous_8)
FNDA:9,(anonymous_9)
FNDA:9,(anonymous_10)
FNDA:0,(anonymous_11)
FNDA:0,(anonymous_12)
FNDA:1,(anonymous_13)
FNDA:1,(anonymous_14)
FNDA:2,(anonymous_15)
FNDA:2,(anonymous_16)
FNDA:2,(anonymous_17)
FNDA:2,(anonymous_18)
DA:2,2
DA:3,2
DA:4,2
DA:5,2
DA:10,3
DA:11,3
DA:13,3
DA:16,3
DA:17,3
DA:19,1
DA:23,2
DA:24,2
DA:26,2
DA:29,2
DA:38,0
DA:40,0
DA:47,9
DA:48,9
DA:50,9
DA:53,9
DA:54,9
DA:56,2
DA:60,7
DA:61,7
DA:63,1
DA:67,6
DA:70,6
DA:73,0
DA:75,0
DA:82,2
DA:83,0
DA:85,0
DA:86,0
DA:90,0
DA:91,0
DA:93,0
DA:97,0
DA:100,0
DA:102,0
DA:109,2
DA:110,1
DA:112,1
DA:114,1
DA:120,1
DA:122,0
DA:125,1
DA:128,0
DA:130,0
DA:137,2
DA:138,2
DA:139,2
DA:140,0
DA:144,2
DA:145,2
DA:147,2
DA:150,0
DA:153,0
DA:155,0
DA:159,2
DA:160,2
DA:161,2
DA:162,2
DA:163,1
DA:166,1
DA:167,1
DA:169,1
DA:171,0
LF:67
LH:46
BRDA:17,0,0,1
BRDA:54,1,0,2
BRDA:61,2,0,1
BRDA:85,3,0,0
BRDA:85,4,0,0
BRDA:85,4,1,0
BRDA:91,5,0,0
BRDA:115,6,0,0
BRDA:115,6,1,1
BRDA:115,7,0,1
BRDA:115,7,1,1
BRDA:120,8,0,0
BRDA:139,9,0,0
BRDA:139,10,0,0
BRDA:139,10,1,2
BRDA:139,11,0,2
BRDA:139,11,1,2
BRDA:144,12,0,0
BRDA:144,12,1,2
BRDA:144,13,0,2
BRDA:144,13,1,2
BRDA:145,14,0,2
BRDA:161,15,0,1
BRDA:161,15,1,1
BRDA:161,16,0,2
BRDA:161,16,1,2
BRDA:162,17,0,1
BRF:27
BRH:18
end_of_record
TN:
SF:src\controllers\productController.ts
FN:8,(anonymous_7)
FN:8,(anonymous_8)
FN:29,(anonymous_9)
FN:29,(anonymous_10)
FN:56,(anonymous_11)
FN:56,(anonymous_12)
FN:95,(anonymous_13)
FN:95,(anonymous_14)
FN:128,(anonymous_15)
FN:128,(anonymous_16)
FNF:10
FNH:10
FNDA:1,(anonymous_7)
FNDA:1,(anonymous_8)
FNDA:2,(anonymous_9)
FNDA:2,(anonymous_10)
FNDA:2,(anonymous_11)
FNDA:2,(anonymous_12)
FNDA:2,(anonymous_13)
FNDA:2,(anonymous_14)
FNDA:2,(anonymous_15)
FNDA:2,(anonymous_16)
DA:2,2
DA:3,2
DA:8,2
DA:9,1
DA:11,1
DA:13,1
DA:15,1
DA:17,1
DA:20,0
DA:22,0
DA:29,2
DA:30,2
DA:32,2
DA:34,2
DA:35,2
DA:37,1
DA:39,1
DA:42,1
DA:44,1
DA:47,0
DA:49,0
DA:56,2
DA:57,2
DA:59,2
DA:61,2
DA:64,2
DA:65,1
DA:72,1
DA:75,1
DA:78,1
DA:81,1
DA:85,0
DA:88,0
DA:95,2
DA:96,2
DA:98,2
DA:100,2
DA:102,2
DA:107,2
DA:109,2
DA:111,2
DA:114,0
DA:116,0
DA:119,0
DA:121,0
DA:128,2
DA:129,2
DA:131,2
DA:133,2
DA:134,2
DA:136,1
DA:138,1
DA:141,1
DA:143,1
DA:146,0
DA:148,0
LF:56
LH:44
BRDA:35,0,0,1
BRDA:64,1,0,1
BRDA:64,2,0,2
BRDA:64,2,1,1
BRDA:107,3,0,2
BRDA:134,4,0,1
BRF:6
BRH:6
end_of_record
TN:
SF:src\middlewares\authMiddleware.ts
FN:24,(anonymous_8)
FN:24,(anonymous_9)
FN:28,(anonymous_10)
FNF:3
FNH:3
FNDA:14,(anonymous_8)
FNDA:22,(anonymous_9)
FNDA:22,(anonymous_10)
DA:2,2
DA:3,2
DA:4,2
DA:7,2
DA:10,2
DA:24,14
DA:28,22
DA:30,22
DA:33,22
DA:34,3
DA:35,3
DA:38,19
DA:40,19
DA:41,19
DA:42,0
DA:43,0
DA:47,19
DA:50,18
DA:53,18
DA:56,1
LF:20
LH:18
BRDA:10,0,0,2
BRDA:10,0,1,0
BRDA:30,1,0,3
BRDA:30,1,1,19
BRDA:30,2,0,22
BRDA:30,2,1,22
BRDA:33,3,0,3
BRDA:41,4,0,0
BRF:8
BRH:6
end_of_record
TN:
SF:src\middlewares\errorMiddleware.ts
FN:8,(anonymous_0)
FN:25,(anonymous_1)
FNF:2
FNH:0
FNDA:0,(anonymous_0)
FNDA:0,(anonymous_1)
DA:8,2
DA:15,0
DA:18,0
DA:25,2
DA:26,0
LF:5
LH:2
BRDA:20,0,0,0
BRDA:20,0,1,0
BRF:2
BRH:0
end_of_record
TN:
SF:src\models\Product.ts
FNF:0
FNH:0
DA:1,3
DA:13,3
DA:42,3
LF:3
LH:3
BRF:0
BRH:0
end_of_record
TN:
SF:src\models\Token.ts
FNF:0
FNH:0
DA:1,3
DA:9,3
DA:23,3
LF:3
LH:3
BRF:0
BRH:0
end_of_record
TN:
SF:src\models\User.ts
FNF:0
FNH:0
DA:1,3
DA:11,3
DA:33,3
LF:3
LH:3
BRF:0
BRH:0
end_of_record
TN:
SF:src\routes\authRoutes.ts
FN:19,(anonymous_0)
FN:28,(anonymous_1)
FN:37,(anonymous_2)
FN:46,(anonymous_3)
FN:55,(anonymous_4)
FN:64,(anonymous_5)
FNF:6
FNH:5
FNDA:3,(anonymous_0)
FNDA:9,(anonymous_1)
FNDA:0,(anonymous_2)
FNDA:1,(anonymous_3)
FNDA:2,(anonymous_4)
FNDA:2,(anonymous_5)
DA:1,2
DA:2,2
DA:3,2
DA:12,2
DA:19,2
DA:20,3
DA:28,2
DA:29,9
DA:37,2
DA:38,0
DA:46,2
DA:47,1
DA:55,2
DA:56,2
DA:64,2
DA:65,2
DA:68,2
LF:17
LH:16
BRF:0
BRH:0
end_of_record
TN:
SF:src\routes\productRoutes.ts
FN:18,(anonymous_0)
FN:27,(anonymous_1)
FN:36,(anonymous_2)
FN:45,(anonymous_3)
FN:54,(anonymous_4)
FNF:5
FNH:5
FNDA:2,(anonymous_0)
FNDA:1,(anonymous_1)
FNDA:2,(anonymous_2)
FNDA:2,(anonymous_3)
FNDA:2,(anonymous_4)
DA:1,2
DA:2,2
DA:3,2
DA:11,2
DA:18,2
DA:19,2
DA:27,2
DA:28,1
DA:36,2
DA:37,2
DA:45,2
DA:46,2
DA:54,2
DA:55,2
DA:58,2
LF:15
LH:15
BRF:0
BRH:0
end_of_record
TN:
SF:src\utils\hashHelper.ts
FN:4,(anonymous_8)
FN:4,(anonymous_9)
FN:9,(anonymous_10)
FN:9,(anonymous_11)
FNF:4
FNH:4
FNDA:9,(anonymous_8)
FNDA:9,(anonymous_9)
FNDA:7,(anonymous_10)
FNDA:7,(anonymous_11)
DA:1,2
DA:3,2
DA:4,9
DA:5,9
DA:6,9
DA:9,7
DA:10,7
LF:7
LH:7
BRF:0
BRH:0
end_of_record
TN:
SF:src\utils\jwtHelper.ts
FN:20,(anonymous_1)
FN:31,(anonymous_2)
FNF:2
FNH:1
FNDA:6,(anonymous_1)
FNDA:0,(anonymous_2)
DA:1,2
DA:2,2
DA:4,2
DA:7,2
DA:9,2
DA:14,2
DA:22,6
DA:32,0
DA:34,0
DA:36,0
LF:10
LH:7
BRDA:7,0,0,2
BRDA:7,0,1,0
BRF:2
BRH:1
end_of_record
TN:
SF:src\utils\logger.ts
FN:2,(anonymous_0)
FN:5,(anonymous_1)
FN:8,(anonymous_2)
FNF:3
FNH:2
FNDA:13,(anonymous_0)
FNDA:4,(anonymous_1)
FNDA:0,(anonymous_2)
DA:1,2
DA:3,13
DA:6,4
DA:9,0
LF:4
LH:3
BRF:0
BRH:0
end_of_record
